<?xml version="1.0" encoding="UTF-8"?>
<testng-results ignored="0" total="1" passed="1" failed="0" skipped="0">
  <reporter-output>
  </reporter-output>
  <suite started-at="2021-05-30T09:58:17 GMT-03:00" name="Default suite" finished-at="2021-05-30T09:58:22 GMT-03:00" duration-ms="5684">
    <groups>
    </groups>
    <test started-at="2021-05-30T09:58:17 GMT-03:00" name="Default test" finished-at="2021-05-30T09:58:22 GMT-03:00" duration-ms="5684">
      <class name="DateTimePicker">
        <test-method signature="dateTimePicker()[pri:0, instance:DateTimePicker@3315d2d7]" started-at="2021-05-30T09:58:17 GMT-03:00" name="dateTimePicker" finished-at="2021-05-30T09:58:22 GMT-03:00" duration-ms="5657" status="PASS">
          <reporter-output>
          </reporter-output>
        </test-method> <!-- dateTimePicker -->
      </class> <!-- DateTimePicker -->
    </test> <!-- Default test -->
  </suite> <!-- Default suite -->
</testng-results>
