<?xml version="1.0" encoding="UTF-8"?>
<testng-results ignored="2" total="4" passed="2" failed="0" skipped="0">
  <reporter-output>
  </reporter-output>
  <suite started-at="2021-06-07T19:10:22 GMT-03:00" name="Group of group Suite" finished-at="2021-06-07T19:10:22 GMT-03:00" duration-ms="40">
    <groups>
      <group name="include-test-one">
        <method signature="RegularExpressionGroupTest.testMethodOne()[pri:0, instance:example.RegularExpressionGroupTest@19d481b]" name="testMethodOne" class="example.RegularExpressionGroupTest"/>
      </group> <!-- include-test-one -->
      <group name="include-test-two">
        <method signature="RegularExpressionGroupTest.testMethodTwo()[pri:0, instance:example.RegularExpressionGroupTest@19d481b]" name="testMethodTwo" class="example.RegularExpressionGroupTest"/>
      </group> <!-- include-test-two -->
    </groups>
    <test started-at="2021-06-07T19:10:22 GMT-03:00" name="Group of group Test" finished-at="2021-06-07T19:10:22 GMT-03:00" duration-ms="40">
      <class name="example.RegularExpressionGroupTest">
        <test-method signature="testMethodOne()[pri:0, instance:example.RegularExpressionGroupTest@19d481b]" started-at="2021-06-07T19:10:22 GMT-03:00" name="testMethodOne" finished-at="2021-06-07T19:10:22 GMT-03:00" duration-ms="7" status="PASS">
          <reporter-output>
          </reporter-output>
        </test-method> <!-- testMethodOne -->
        <test-method signature="testMethodTwo()[pri:0, instance:example.RegularExpressionGroupTest@19d481b]" started-at="2021-06-07T19:10:22 GMT-03:00" name="testMethodTwo" finished-at="2021-06-07T19:10:22 GMT-03:00" duration-ms="1" status="PASS">
          <reporter-output>
          </reporter-output>
        </test-method> <!-- testMethodTwo -->
      </class> <!-- example.RegularExpressionGroupTest -->
    </test> <!-- Group of group Test -->
  </suite> <!-- Group of group Suite -->
</testng-results>
