<?xml version="1.0" encoding="UTF-8"?>
<!-- Generated by org.testng.reporters.JUnitXMLReporter -->
<testsuite ignored="2" hostname="DESKTOP-73H5LBP" failures="0" tests="2" name="Group of group Test" time="0.04" errors="0" timestamp="2021-06-07T19:10:22 GMT-03:00">
  <testcase classname="example.RegularExpressionGroupTest" name="testMethodOne" time="0.007"/>
  <testcase classname="example.RegularExpressionGroupTest" name="testMethodTwo" time="0.001"/>
  <testcase classname="example.RegularExpressionGroupTest" name="testMethodFour" time="0.0">
    <ignored/>
  </testcase> <!-- testMethodFour -->
  <testcase classname="example.RegularExpressionGroupTest" name="testMethodThree" time="0.0">
    <ignored/>
  </testcase> <!-- testMethodThree -->
</testsuite> <!-- Group of group Test -->
