<?xml version="1.0" encoding="UTF-8"?>
<!-- Generated by org.testng.reporters.JUnitXMLReporter -->
<testsuite ignored="0" hostname="DESKTOP-73H5LBP" failures="0" tests="3" name="Default test" time="14.756" errors="0" timestamp="2021-05-30T09:01:48 GMT-03:00">
  <testcase classname="parameters.ParameterByDataprovider" name="testMethod" time="3.109"/>
  <testcase classname="parameters.ParameterByDataprovider" name="testMethod" time="3.05"/>
  <testcase classname="parameters.ParameterByDataprovider" name="testMethod" time="3.06"/>
</testsuite> <!-- Default test -->
