<?xml version="1.0" encoding="UTF-8"?>
<!-- Generated by org.testng.reporters.JUnitXMLReporter -->
<testsuite hostname="DESKTOP-73H5LBP" failures="0" tests="4" name="Command line test" time="0.024" errors="0" timestamp="6 Jun 2021 12:40:47 GMT">
  <testcase classname="example.RegularExpressionGroupTest" name="testMethodFour" time="0.008"/>
  <testcase classname="example.RegularExpressionGroupTest" name="testMethodOne" time="0.0"/>
  <testcase classname="example.RegularExpressionGroupTest" name="testMethodThree" time="0.001"/>
  <testcase classname="example.RegularExpressionGroupTest" name="testMethodTwo" time="0.0"/>
</testsuite>
